<?xml version="1.0" encoding="UTF-8"?>
<!-- Generated by org.testng.reporters.JUnitXMLReporter -->
<testsuite ignored="0" hostname="DESKTOP-CN9HF5L" failures="0" tests="5" name="Default test" time="23.364" errors="0" timestamp="2024-08-03T15:34:18 IST">
  <testcase classname="com.Learning_TestNG.Learning_ThreadPool_Size" name="loginTest" time="9.676"/>
  <testcase classname="com.Learning_TestNG.Learning_ThreadPool_Size" name="loginTest" time="9.771"/>
  <testcase classname="com.Learning_TestNG.Learning_ThreadPool_Size" name="loginTest" time="8.009"/>
  <testcase classname="com.Learning_TestNG.Learning_ThreadPool_Size" name="loginTest" time="8.281"/>
  <testcase classname="com.Learning_TestNG.Learning_ThreadPool_Size" name="loginTest" time="5.503"/>
</testsuite> <!-- Default test -->
