<?xml version="1.0" encoding="UTF-8"?>
<testng-results ignored="0" total="5" passed="5" failed="0" skipped="0">
  <reporter-output>
  </reporter-output>
  <suite started-at="2024-08-03T15:33:55 IST" name="Default suite" finished-at="2024-08-03T15:34:18 IST" duration-ms="23364">
    <groups>
    </groups>
    <test started-at="2024-08-03T15:33:55 IST" name="Default test" finished-at="2024-08-03T15:34:18 IST" duration-ms="23364">
      <class name="com.Learning_TestNG.Learning_ThreadPool_Size">
        <test-method signature="loginTest()[pri:0, instance:com.Learning_TestNG.Learning_ThreadPool_Size@43195e57]" started-at="2024-08-03T15:33:55 IST" name="loginTest" finished-at="2024-08-03T15:34:05 IST" duration-ms="9771" status="PASS">
          <reporter-output>
          </reporter-output>
        </test-method> <!-- loginTest -->
        <test-method signature="loginTest()[pri:0, instance:com.Learning_TestNG.Learning_ThreadPool_Size@43195e57]" started-at="2024-08-03T15:33:55 IST" name="loginTest" finished-at="2024-08-03T15:34:05 IST" duration-ms="9676" status="PASS">
          <reporter-output>
          </reporter-output>
        </test-method> <!-- loginTest -->
        <test-method signature="loginTest()[pri:0, instance:com.Learning_TestNG.Learning_ThreadPool_Size@43195e57]" started-at="2024-08-03T15:34:05 IST" name="loginTest" finished-at="2024-08-03T15:34:13 IST" duration-ms="8281" status="PASS">
          <reporter-output>
          </reporter-output>
        </test-method> <!-- loginTest -->
        <test-method signature="loginTest()[pri:0, instance:com.Learning_TestNG.Learning_ThreadPool_Size@43195e57]" started-at="2024-08-03T15:34:05 IST" name="loginTest" finished-at="2024-08-03T15:34:13 IST" duration-ms="8009" status="PASS">
          <reporter-output>
          </reporter-output>
        </test-method> <!-- loginTest -->
        <test-method signature="loginTest()[pri:0, instance:com.Learning_TestNG.Learning_ThreadPool_Size@43195e57]" started-at="2024-08-03T15:34:13 IST" name="loginTest" finished-at="2024-08-03T15:34:18 IST" duration-ms="5503" status="PASS">
          <reporter-output>
          </reporter-output>
        </test-method> <!-- loginTest -->
      </class> <!-- com.Learning_TestNG.Learning_ThreadPool_Size -->
    </test> <!-- Default test -->
  </suite> <!-- Default suite -->
</testng-results>
